[0m23:10:10.729917 [debug] [MainThread]: Sending event: {'category': 'dbt', 'action': 'invocation', 'label': 'start', 'context': [<snowplow_tracker.self_describing_json.SelfDescribingJson object at 0x000001DA04553380>, <snowplow_tracker.self_describing_json.SelfDescribingJson object at 0x000001DA050E4470>, <snowplow_tracker.self_describing_json.SelfDescribingJson object at 0x000001DA02972960>]}


============================== 23:10:10.745920 | 5dce20f1-9f3a-4618-81aa-553ded0497f0 ==============================
[0m23:10:10.745920 [info ] [MainThread]: Running with dbt=1.11.3
[0m23:10:10.745920 [debug] [MainThread]: running dbt with arguments {'version_check': 'True', 'no_print': 'None', 'static_parser': 'True', 'target_path': 'None', 'warn_error_options': 'WarnErrorOptionsV2(error=[], warn=[], silence=[])', 'printer_width': '80', 'write_json': 'True', 'introspect': 'True', 'log_cache_events': 'False', 'empty': 'None', 'cache_selected_only': 'False', 'fail_fast': 'False', 'debug': 'False', 'log_format': 'default', 'partial_parse': 'True', 'send_anonymous_usage_stats': 'True', 'quiet': 'False', 'warn_error': 'None', 'profiles_dir': 'C:\\Users\\HP\\.dbt', 'invocation_command': 'dbt init', 'use_colors': 'True', 'indirect_selection': 'eager', 'use_experimental_parser': 'False', 'log_path': 'logs'}
[0m23:10:19.184070 [debug] [MainThread]: Starter project path: C:\Users\HP\vs_studio_projects\pharma_event_driven_data_architecture\.venv\Lib\site-packages\dbt\include\starter_project
[0m23:10:19.205854 [info ] [MainThread]: 
Your new dbt project "dbt_transformations" was created!

For more information on how to configure the profiles.yml file,
please consult the dbt documentation here:

  https://docs.getdbt.com/docs/configure-your-profile

One more thing:

Need help? Don't hesitate to reach out to us via GitHub issues or on Slack:

  https://community.getdbt.com/

Happy modeling!

[0m23:10:19.205854 [info ] [MainThread]: Setting up your profile.
[0m23:10:21.745636 [debug] [MainThread]: Snowflake adapter: Setting snowflake.connector to ERROR (file logging only)
[0m23:10:21.745636 [debug] [MainThread]: Snowflake adapter: Setting botocore to ERROR (file logging only)
[0m23:10:21.745636 [debug] [MainThread]: Snowflake adapter: Setting boto3 to ERROR (file logging only)
[0m23:11:16.038593 [info ] [MainThread]: Profile dbt_transformations written to C:\Users\HP\.dbt\profiles.yml using target's profile_template.yml and your supplied values. Run 'dbt debug' to validate the connection.
[0m23:11:16.040594 [debug] [MainThread]: Command `dbt init` succeeded at 23:11:16.039591 after 65.42 seconds
[0m23:11:16.040594 [debug] [MainThread]: Sending event: {'category': 'dbt', 'action': 'invocation', 'label': 'end', 'context': [<snowplow_tracker.self_describing_json.SelfDescribingJson object at 0x000001DA01D78590>, <snowplow_tracker.self_describing_json.SelfDescribingJson object at 0x000001DA07A7D790>, <snowplow_tracker.self_describing_json.SelfDescribingJson object at 0x000001DA04FA9F70>]}
[0m23:11:16.040594 [debug] [MainThread]: Flushing usage events
[0m23:11:17.587866 [debug] [MainThread]: An error was encountered while trying to flush usage events
[0m23:12:00.897838 [debug] [MainThread]: Sending event: {'category': 'dbt', 'action': 'invocation', 'label': 'start', 'context': [<snowplow_tracker.self_describing_json.SelfDescribingJson object at 0x000002208B41AAE0>, <snowplow_tracker.self_describing_json.SelfDescribingJson object at 0x000002208B419400>, <snowplow_tracker.self_describing_json.SelfDescribingJson object at 0x000002208D004500>]}


============================== 23:12:00.897838 | b898fd4e-9c69-48d5-94ac-45e255a564f5 ==============================
[0m23:12:00.897838 [info ] [MainThread]: Running with dbt=1.11.3
[0m23:12:00.897838 [debug] [MainThread]: running dbt with arguments {'version_check': 'True', 'no_print': 'None', 'static_parser': 'True', 'warn_error_options': 'WarnErrorOptionsV2(error=[], warn=[], silence=[])', 'target_path': 'None', 'printer_width': '80', 'write_json': 'True', 'introspect': 'True', 'log_cache_events': 'False', 'empty': 'None', 'cache_selected_only': 'False', 'log_format': 'default', 'debug': 'False', 'fail_fast': 'False', 'partial_parse': 'True', 'send_anonymous_usage_stats': 'True', 'quiet': 'False', 'warn_error': 'None', 'profiles_dir': 'C:\\Users\\HP\\.dbt', 'use_colors': 'True', 'indirect_selection': 'eager', 'invocation_command': 'dbt debug', 'use_experimental_parser': 'False', 'log_path': 'logs'}
[0m23:12:00.904723 [info ] [MainThread]: dbt version: 1.11.3
[0m23:12:00.904723 [info ] [MainThread]: python version: 3.12.3
[0m23:12:00.904723 [info ] [MainThread]: python path: C:\Users\HP\vs_studio_projects\pharma_event_driven_data_architecture\.venv\Scripts\python.exe
[0m23:12:00.919993 [info ] [MainThread]: os info: Windows-11-10.0.26200-SP0
[0m23:12:01.245526 [debug] [MainThread]: Snowflake adapter: Setting snowflake.connector to ERROR (file logging only)
[0m23:12:01.246571 [debug] [MainThread]: Snowflake adapter: Setting botocore to ERROR (file logging only)
[0m23:12:01.246571 [debug] [MainThread]: Snowflake adapter: Setting boto3 to ERROR (file logging only)
[0m23:12:01.294347 [info ] [MainThread]: Using profiles dir at C:\Users\HP\.dbt
[0m23:12:01.294347 [info ] [MainThread]: Using profiles.yml file at C:\Users\HP\.dbt\profiles.yml
[0m23:12:01.294347 [info ] [MainThread]: Using dbt_project.yml file at C:\Users\HP\vs_studio_projects\pharma_event_driven_data_architecture\dbt_project.yml
[0m23:12:01.294347 [info ] [MainThread]: adapter type: snowflake
[0m23:12:01.294347 [info ] [MainThread]: adapter version: 1.11.1
[0m23:12:01.294347 [info ] [MainThread]: Configuration:
[0m23:12:01.294347 [info ] [MainThread]:   profiles.yml file [[32mOK found and valid[0m]
[0m23:12:01.294347 [info ] [MainThread]:   dbt_project.yml file [[31mERROR not found[0m]
[0m23:12:01.294347 [info ] [MainThread]: Required dependencies:
[0m23:12:01.294347 [debug] [MainThread]: Executing "git --help"
[0m23:12:01.346949 [debug] [MainThread]: STDOUT: "b"usage: git [-v | --version] [-h | --help] [-C <path>] [-c <name>=<value>]\n           [--exec-path[=<path>]] [--html-path] [--man-path] [--info-path]\n           [-p | --paginate | -P | --no-pager] [--no-replace-objects] [--bare]\n           [--git-dir=<path>] [--work-tree=<path>] [--namespace=<name>]\n           [--config-env=<name>=<envvar>] <command> [<args>]\n\nThese are common Git commands used in various situations:\n\nstart a working area (see also: git help tutorial)\n   clone     Clone a repository into a new directory\n   init      Create an empty Git repository or reinitialize an existing one\n\nwork on the current change (see also: git help everyday)\n   add       Add file contents to the index\n   mv        Move or rename a file, a directory, or a symlink\n   restore   Restore working tree files\n   rm        Remove files from the working tree and from the index\n\nexamine the history and state (see also: git help revisions)\n   bisect    Use binary search to find the commit that introduced a bug\n   diff      Show changes between commits, commit and working tree, etc\n   grep      Print lines matching a pattern\n   log       Show commit logs\n   show      Show various types of objects\n   status    Show the working tree status\n\ngrow, mark and tweak your common history\n   branch    List, create, or delete branches\n   commit    Record changes to the repository\n   merge     Join two or more development histories together\n   rebase    Reapply commits on top of another base tip\n   reset     Reset current HEAD to the specified state\n   switch    Switch branches\n   tag       Create, list, delete or verify a tag object signed with GPG\n\ncollaborate (see also: git help workflows)\n   fetch     Download objects and refs from another repository\n   pull      Fetch from and integrate with another repository or a local branch\n   push      Update remote refs along with associated objects\n\n'git help -a' and 'git help -g' list available subcommands and some\nconcept guides. See 'git help <command>' or 'git help <concept>'\nto read about a specific subcommand or concept.\nSee 'git help git' for an overview of the system.\n""
[0m23:12:01.347949 [debug] [MainThread]: STDERR: "b''"
[0m23:12:01.348946 [info ] [MainThread]:  - git [[32mOK found[0m]

[0m23:12:01.349805 [info ] [MainThread]: Connection:
[0m23:12:01.349805 [info ] [MainThread]:   account: XNDEVHR-PB86455
[0m23:12:01.349805 [info ] [MainThread]:   user: TECHNICALDEVELOPER
[0m23:12:01.349805 [info ] [MainThread]:   database: PHARMA_PLATFORM
[0m23:12:01.349805 [info ] [MainThread]:   warehouse: WH_PHARMA
[0m23:12:01.349805 [info ] [MainThread]:   role: SYSADMIN
[0m23:12:01.349805 [info ] [MainThread]:   schema: DBT_SCHEMA
[0m23:12:01.349805 [info ] [MainThread]:   authenticator: None
[0m23:12:01.349805 [info ] [MainThread]:   oauth_client_id: None
[0m23:12:01.349805 [info ] [MainThread]:   query_tag: None
[0m23:12:01.349805 [info ] [MainThread]:   client_session_keep_alive: False
[0m23:12:01.349805 [info ] [MainThread]:   host: None
[0m23:12:01.356184 [info ] [MainThread]:   port: None
[0m23:12:01.356184 [info ] [MainThread]:   proxy_host: None
[0m23:12:01.356184 [info ] [MainThread]:   proxy_port: None
[0m23:12:01.357191 [info ] [MainThread]:   protocol: None
[0m23:12:01.357947 [info ] [MainThread]:   connect_retries: 1
[0m23:12:01.357947 [info ] [MainThread]:   connect_timeout: None
[0m23:12:01.357947 [info ] [MainThread]:   retry_on_database_errors: False
[0m23:12:01.359005 [info ] [MainThread]:   retry_all: False
[0m23:12:01.359005 [info ] [MainThread]:   insecure_mode: False
[0m23:12:01.360007 [info ] [MainThread]:   reuse_connections: True
[0m23:12:01.361005 [info ] [MainThread]:   s3_stage_vpce_dns_name: None
[0m23:12:01.361005 [info ] [MainThread]:   platform_detection_timeout_seconds: 0.0
[0m23:12:01.362007 [info ] [MainThread]: Registered adapter: snowflake=1.11.1
[0m23:12:01.576151 [debug] [MainThread]: Acquiring new snowflake connection 'debug'
[0m23:12:06.456927 [debug] [MainThread]: Using snowflake connection "debug"
[0m23:12:06.456927 [debug] [MainThread]: On debug: select 1 as id
[0m23:12:06.458433 [debug] [MainThread]: Opening a new connection, currently in state init
[0m23:12:07.858273 [debug] [MainThread]: SQL status: SUCCESS 1 in 1.407 seconds
[0m23:12:07.867243 [info ] [MainThread]:   Connection test: [[32mOK connection ok[0m]

[0m23:12:07.867243 [info ] [MainThread]: [31m1 check failed:[0m
[0m23:12:07.867243 [info ] [MainThread]: Project loading failed for the following reason:
 project path <C:\Users\HP\vs_studio_projects\pharma_event_driven_data_architecture\dbt_project.yml> not found

[0m23:12:07.867243 [debug] [MainThread]: Command `dbt debug` failed at 23:12:07.867243 after 7.10 seconds
[0m23:12:07.867243 [debug] [MainThread]: Connection 'debug' was left open.
[0m23:12:07.867243 [debug] [MainThread]: On debug: Close
[0m23:12:08.045158 [debug] [MainThread]: Sending event: {'category': 'dbt', 'action': 'invocation', 'label': 'end', 'context': [<snowplow_tracker.self_describing_json.SelfDescribingJson object at 0x000002208DB20530>, <snowplow_tracker.self_describing_json.SelfDescribingJson object at 0x00000220902ED010>, <snowplow_tracker.self_describing_json.SelfDescribingJson object at 0x000002208D61EEA0>]}
[0m23:12:08.046220 [debug] [MainThread]: Flushing usage events
[0m23:12:09.630413 [debug] [MainThread]: An error was encountered while trying to flush usage events
[0m23:23:30.422645 [debug] [MainThread]: Sending event: {'category': 'dbt', 'action': 'invocation', 'label': 'start', 'context': [<snowplow_tracker.self_describing_json.SelfDescribingJson object at 0x0000027C2EDB7C50>, <snowplow_tracker.self_describing_json.SelfDescribingJson object at 0x0000027C32348830>, <snowplow_tracker.self_describing_json.SelfDescribingJson object at 0x0000027C32349BE0>]}


============================== 23:23:30.436648 | 9e5f7430-5151-4ad8-b626-f522b9c9d933 ==============================
[0m23:23:30.436648 [info ] [MainThread]: Running with dbt=1.11.3
[0m23:23:30.436648 [debug] [MainThread]: running dbt with arguments {'static_parser': 'True', 'no_print': 'None', 'version_check': 'True', 'warn_error_options': 'WarnErrorOptionsV2(error=[], warn=[], silence=[])', 'target_path': 'None', 'printer_width': '80', 'write_json': 'True', 'introspect': 'True', 'log_cache_events': 'False', 'empty': 'None', 'cache_selected_only': 'False', 'fail_fast': 'False', 'debug': 'False', 'log_format': 'default', 'partial_parse': 'True', 'send_anonymous_usage_stats': 'True', 'quiet': 'False', 'warn_error': 'None', 'profiles_dir': 'C:\\Users\\HP\\.dbt', 'invocation_command': 'dbt debug', 'use_colors': 'True', 'indirect_selection': 'eager', 'use_experimental_parser': 'False', 'log_path': 'logs'}
[0m23:23:30.454735 [info ] [MainThread]: dbt version: 1.11.3
[0m23:23:30.456762 [info ] [MainThread]: python version: 3.12.3
[0m23:23:30.456762 [info ] [MainThread]: python path: C:\Users\HP\vs_studio_projects\pharma_event_driven_data_architecture\.venv\Scripts\python.exe
[0m23:23:30.457726 [info ] [MainThread]: os info: Windows-11-10.0.26200-SP0
[0m23:23:30.780720 [debug] [MainThread]: Snowflake adapter: Setting snowflake.connector to ERROR (file logging only)
[0m23:23:30.786968 [debug] [MainThread]: Snowflake adapter: Setting botocore to ERROR (file logging only)
[0m23:23:30.786968 [debug] [MainThread]: Snowflake adapter: Setting boto3 to ERROR (file logging only)
[0m23:23:30.858098 [info ] [MainThread]: Using profiles dir at C:\Users\HP\.dbt
[0m23:23:30.858098 [info ] [MainThread]: Using profiles.yml file at C:\Users\HP\.dbt\profiles.yml
[0m23:23:30.858098 [info ] [MainThread]: Using dbt_project.yml file at C:\Users\HP\vs_studio_projects\pharma_event_driven_data_architecture\dbt_project.yml
[0m23:23:30.858098 [info ] [MainThread]: adapter type: snowflake
[0m23:23:30.858098 [info ] [MainThread]: adapter version: 1.11.1
[0m23:23:30.858098 [info ] [MainThread]: Configuration:
[0m23:23:30.858098 [info ] [MainThread]:   profiles.yml file [[32mOK found and valid[0m]
[0m23:23:30.858098 [info ] [MainThread]:   dbt_project.yml file [[31mERROR not found[0m]
[0m23:23:30.858098 [info ] [MainThread]: Required dependencies:
[0m23:23:30.858098 [debug] [MainThread]: Executing "git --help"
[0m23:23:31.011624 [debug] [MainThread]: STDOUT: "b"usage: git [-v | --version] [-h | --help] [-C <path>] [-c <name>=<value>]\n           [--exec-path[=<path>]] [--html-path] [--man-path] [--info-path]\n           [-p | --paginate | -P | --no-pager] [--no-replace-objects] [--bare]\n           [--git-dir=<path>] [--work-tree=<path>] [--namespace=<name>]\n           [--config-env=<name>=<envvar>] <command> [<args>]\n\nThese are common Git commands used in various situations:\n\nstart a working area (see also: git help tutorial)\n   clone     Clone a repository into a new directory\n   init      Create an empty Git repository or reinitialize an existing one\n\nwork on the current change (see also: git help everyday)\n   add       Add file contents to the index\n   mv        Move or rename a file, a directory, or a symlink\n   restore   Restore working tree files\n   rm        Remove files from the working tree and from the index\n\nexamine the history and state (see also: git help revisions)\n   bisect    Use binary search to find the commit that introduced a bug\n   diff      Show changes between commits, commit and working tree, etc\n   grep      Print lines matching a pattern\n   log       Show commit logs\n   show      Show various types of objects\n   status    Show the working tree status\n\ngrow, mark and tweak your common history\n   branch    List, create, or delete branches\n   commit    Record changes to the repository\n   merge     Join two or more development histories together\n   rebase    Reapply commits on top of another base tip\n   reset     Reset current HEAD to the specified state\n   switch    Switch branches\n   tag       Create, list, delete or verify a tag object signed with GPG\n\ncollaborate (see also: git help workflows)\n   fetch     Download objects and refs from another repository\n   pull      Fetch from and integrate with another repository or a local branch\n   push      Update remote refs along with associated objects\n\n'git help -a' and 'git help -g' list available subcommands and some\nconcept guides. See 'git help <command>' or 'git help <concept>'\nto read about a specific subcommand or concept.\nSee 'git help git' for an overview of the system.\n""
[0m23:23:31.011624 [debug] [MainThread]: STDERR: "b''"
[0m23:23:31.011624 [info ] [MainThread]:  - git [[32mOK found[0m]

[0m23:23:31.011624 [info ] [MainThread]: Connection:
[0m23:23:31.011624 [info ] [MainThread]:   account: XNDEVHR-PB86455
[0m23:23:31.011624 [info ] [MainThread]:   user: TECHNICALDEVELOPER
[0m23:23:31.011624 [info ] [MainThread]:   database: PHARMA_PLATFORM
[0m23:23:31.011624 [info ] [MainThread]:   warehouse: WH_PHARMA
[0m23:23:31.011624 [info ] [MainThread]:   role: SYSADMIN
[0m23:23:31.011624 [info ] [MainThread]:   schema: DBT_SCHEMA
[0m23:23:31.011624 [info ] [MainThread]:   authenticator: None
[0m23:23:31.011624 [info ] [MainThread]:   oauth_client_id: None
[0m23:23:31.022684 [info ] [MainThread]:   query_tag: None
[0m23:23:31.024092 [info ] [MainThread]:   client_session_keep_alive: False
[0m23:23:31.024092 [info ] [MainThread]:   host: None
[0m23:23:31.025932 [info ] [MainThread]:   port: None
[0m23:23:31.025932 [info ] [MainThread]:   proxy_host: None
[0m23:23:31.025932 [info ] [MainThread]:   proxy_port: None
[0m23:23:31.029004 [info ] [MainThread]:   protocol: None
[0m23:23:31.030200 [info ] [MainThread]:   connect_retries: 1
[0m23:23:31.030200 [info ] [MainThread]:   connect_timeout: None
[0m23:23:31.030200 [info ] [MainThread]:   retry_on_database_errors: False
[0m23:23:31.033808 [info ] [MainThread]:   retry_all: False
[0m23:23:31.034687 [info ] [MainThread]:   insecure_mode: False
[0m23:23:31.034687 [info ] [MainThread]:   reuse_connections: True
[0m23:23:31.034687 [info ] [MainThread]:   s3_stage_vpce_dns_name: None
[0m23:23:31.034687 [info ] [MainThread]:   platform_detection_timeout_seconds: 0.0
[0m23:23:31.038310 [info ] [MainThread]: Registered adapter: snowflake=1.11.1
[0m23:23:31.315170 [debug] [MainThread]: Acquiring new snowflake connection 'debug'
[0m23:23:31.379355 [debug] [MainThread]: Using snowflake connection "debug"
[0m23:23:31.381361 [debug] [MainThread]: On debug: select 1 as id
[0m23:23:31.381361 [debug] [MainThread]: Opening a new connection, currently in state init
[0m23:23:32.448686 [debug] [MainThread]: SQL status: SUCCESS 1 in 1.068 seconds
[0m23:23:32.450697 [info ] [MainThread]:   Connection test: [[32mOK connection ok[0m]

[0m23:23:32.452704 [info ] [MainThread]: [31m1 check failed:[0m
[0m23:23:32.452704 [info ] [MainThread]: Project loading failed for the following reason:
 project path <C:\Users\HP\vs_studio_projects\pharma_event_driven_data_architecture\dbt_project.yml> not found

[0m23:23:32.456721 [debug] [MainThread]: Command `dbt debug` failed at 23:23:32.456721 after 2.21 seconds
[0m23:23:32.456721 [debug] [MainThread]: Connection 'debug' was left open.
[0m23:23:32.456721 [debug] [MainThread]: On debug: Close
[0m23:23:32.640997 [debug] [MainThread]: Sending event: {'category': 'dbt', 'action': 'invocation', 'label': 'end', 'context': [<snowplow_tracker.self_describing_json.SelfDescribingJson object at 0x0000027C317CD100>, <snowplow_tracker.self_describing_json.SelfDescribingJson object at 0x0000027C2FCC78C0>, <snowplow_tracker.self_describing_json.SelfDescribingJson object at 0x0000027C344E3D70>]}
[0m23:23:32.643014 [debug] [MainThread]: Flushing usage events
[0m23:23:34.572784 [debug] [MainThread]: An error was encountered while trying to flush usage events
[0m23:25:34.920913 [debug] [MainThread]: Sending event: {'category': 'dbt', 'action': 'invocation', 'label': 'start', 'context': [<snowplow_tracker.self_describing_json.SelfDescribingJson object at 0x00000285F0499A60>, <snowplow_tracker.self_describing_json.SelfDescribingJson object at 0x00000285F049BC50>, <snowplow_tracker.self_describing_json.SelfDescribingJson object at 0x00000285F0499D00>]}


============================== 23:25:34.920913 | afedcde2-18a1-4b86-9d54-1f48cd40dfad ==============================
[0m23:25:34.920913 [info ] [MainThread]: Running with dbt=1.11.3
[0m23:25:34.920913 [debug] [MainThread]: running dbt with arguments {'version_check': 'True', 'no_print': 'None', 'static_parser': 'True', 'target_path': 'None', 'warn_error_options': 'WarnErrorOptionsV2(error=[], warn=[], silence=[])', 'printer_width': '80', 'write_json': 'True', 'introspect': 'True', 'log_cache_events': 'False', 'empty': 'None', 'cache_selected_only': 'False', 'log_format': 'default', 'debug': 'False', 'fail_fast': 'False', 'profiles_dir': 'C:\\Users\\HP\\.dbt', 'send_anonymous_usage_stats': 'True', 'quiet': 'False', 'warn_error': 'None', 'partial_parse': 'True', 'use_colors': 'True', 'invocation_command': 'dbt debug', 'indirect_selection': 'eager', 'use_experimental_parser': 'False', 'log_path': 'logs'}
[0m23:25:34.944013 [info ] [MainThread]: dbt version: 1.11.3
[0m23:25:34.944013 [info ] [MainThread]: python version: 3.12.3
[0m23:25:34.944013 [info ] [MainThread]: python path: C:\Users\HP\vs_studio_projects\pharma_event_driven_data_architecture\.venv\Scripts\python.exe
[0m23:25:34.944013 [info ] [MainThread]: os info: Windows-11-10.0.26200-SP0
[0m23:25:35.264329 [debug] [MainThread]: Snowflake adapter: Setting snowflake.connector to ERROR (file logging only)
[0m23:25:35.264329 [debug] [MainThread]: Snowflake adapter: Setting botocore to ERROR (file logging only)
[0m23:25:35.264329 [debug] [MainThread]: Snowflake adapter: Setting boto3 to ERROR (file logging only)
[0m23:25:35.325367 [info ] [MainThread]: Using profiles dir at C:\Users\HP\.dbt
[0m23:25:35.325367 [info ] [MainThread]: Using profiles.yml file at C:\Users\HP\.dbt\profiles.yml
[0m23:25:35.325367 [info ] [MainThread]: Using dbt_project.yml file at C:\Users\HP\vs_studio_projects\pharma_event_driven_data_architecture\dbt_project.yml
[0m23:25:35.325367 [info ] [MainThread]: adapter type: snowflake
[0m23:25:35.325367 [info ] [MainThread]: adapter version: 1.11.1
[0m23:25:35.325367 [info ] [MainThread]: Configuration:
[0m23:25:35.325367 [info ] [MainThread]:   profiles.yml file [[32mOK found and valid[0m]
[0m23:25:35.341483 [info ] [MainThread]:   dbt_project.yml file [[31mERROR not found[0m]
[0m23:25:35.346750 [info ] [MainThread]: Required dependencies:
[0m23:25:35.346750 [debug] [MainThread]: Executing "git --help"
[0m23:25:35.407118 [debug] [MainThread]: STDOUT: "b"usage: git [-v | --version] [-h | --help] [-C <path>] [-c <name>=<value>]\n           [--exec-path[=<path>]] [--html-path] [--man-path] [--info-path]\n           [-p | --paginate | -P | --no-pager] [--no-replace-objects] [--bare]\n           [--git-dir=<path>] [--work-tree=<path>] [--namespace=<name>]\n           [--config-env=<name>=<envvar>] <command> [<args>]\n\nThese are common Git commands used in various situations:\n\nstart a working area (see also: git help tutorial)\n   clone     Clone a repository into a new directory\n   init      Create an empty Git repository or reinitialize an existing one\n\nwork on the current change (see also: git help everyday)\n   add       Add file contents to the index\n   mv        Move or rename a file, a directory, or a symlink\n   restore   Restore working tree files\n   rm        Remove files from the working tree and from the index\n\nexamine the history and state (see also: git help revisions)\n   bisect    Use binary search to find the commit that introduced a bug\n   diff      Show changes between commits, commit and working tree, etc\n   grep      Print lines matching a pattern\n   log       Show commit logs\n   show      Show various types of objects\n   status    Show the working tree status\n\ngrow, mark and tweak your common history\n   branch    List, create, or delete branches\n   commit    Record changes to the repository\n   merge     Join two or more development histories together\n   rebase    Reapply commits on top of another base tip\n   reset     Reset current HEAD to the specified state\n   switch    Switch branches\n   tag       Create, list, delete or verify a tag object signed with GPG\n\ncollaborate (see also: git help workflows)\n   fetch     Download objects and refs from another repository\n   pull      Fetch from and integrate with another repository or a local branch\n   push      Update remote refs along with associated objects\n\n'git help -a' and 'git help -g' list available subcommands and some\nconcept guides. See 'git help <command>' or 'git help <concept>'\nto read about a specific subcommand or concept.\nSee 'git help git' for an overview of the system.\n""
[0m23:25:35.407118 [debug] [MainThread]: STDERR: "b''"
[0m23:25:35.407118 [info ] [MainThread]:  - git [[32mOK found[0m]

[0m23:25:35.412010 [info ] [MainThread]: Connection:
[0m23:25:35.412010 [info ] [MainThread]:   account: XNDEVHR-PB86455
[0m23:25:35.412010 [info ] [MainThread]:   user: TECHNICALDEVELOPER
[0m23:25:35.414167 [info ] [MainThread]:   database: PHARMA_PLATFORM
[0m23:25:35.414167 [info ] [MainThread]:   warehouse: WH_PHARMA
[0m23:25:35.414167 [info ] [MainThread]:   role: SYSADMIN
[0m23:25:35.414167 [info ] [MainThread]:   schema: DBT_SCHEMA
[0m23:25:35.414167 [info ] [MainThread]:   authenticator: None
[0m23:25:35.414167 [info ] [MainThread]:   oauth_client_id: None
[0m23:25:35.414167 [info ] [MainThread]:   query_tag: None
[0m23:25:35.419502 [info ] [MainThread]:   client_session_keep_alive: False
[0m23:25:35.419502 [info ] [MainThread]:   host: None
[0m23:25:35.419502 [info ] [MainThread]:   port: None
[0m23:25:35.419502 [info ] [MainThread]:   proxy_host: None
[0m23:25:35.422652 [info ] [MainThread]:   proxy_port: None
[0m23:25:35.422652 [info ] [MainThread]:   protocol: None
[0m23:25:35.422652 [info ] [MainThread]:   connect_retries: 1
[0m23:25:35.422652 [info ] [MainThread]:   connect_timeout: None
[0m23:25:35.422652 [info ] [MainThread]:   retry_on_database_errors: False
[0m23:25:35.422652 [info ] [MainThread]:   retry_all: False
[0m23:25:35.422652 [info ] [MainThread]:   insecure_mode: False
[0m23:25:35.422652 [info ] [MainThread]:   reuse_connections: True
[0m23:25:35.422652 [info ] [MainThread]:   s3_stage_vpce_dns_name: None
[0m23:25:35.432027 [info ] [MainThread]:   platform_detection_timeout_seconds: 0.0
[0m23:25:35.434038 [info ] [MainThread]: Registered adapter: snowflake=1.11.1
[0m23:25:35.708614 [debug] [MainThread]: Acquiring new snowflake connection 'debug'
[0m23:25:35.782024 [debug] [MainThread]: Using snowflake connection "debug"
[0m23:25:35.783532 [debug] [MainThread]: On debug: select 1 as id
[0m23:25:35.783532 [debug] [MainThread]: Opening a new connection, currently in state init
[0m23:25:36.757452 [debug] [MainThread]: SQL status: SUCCESS 1 in 0.973 seconds
[0m23:25:36.759461 [info ] [MainThread]:   Connection test: [[32mOK connection ok[0m]

[0m23:25:36.760970 [info ] [MainThread]: [31m1 check failed:[0m
[0m23:25:36.762877 [info ] [MainThread]: Project loading failed for the following reason:
 project path <C:\Users\HP\vs_studio_projects\pharma_event_driven_data_architecture\dbt_project.yml> not found

[0m23:25:36.762877 [debug] [MainThread]: Command `dbt debug` failed at 23:25:36.762877 after 2.03 seconds
[0m23:25:36.764887 [debug] [MainThread]: Connection 'debug' was left open.
[0m23:25:36.764887 [debug] [MainThread]: On debug: Close
[0m23:25:36.941780 [debug] [MainThread]: Sending event: {'category': 'dbt', 'action': 'invocation', 'label': 'end', 'context': [<snowplow_tracker.self_describing_json.SelfDescribingJson object at 0x00000285F09A9340>, <snowplow_tracker.self_describing_json.SelfDescribingJson object at 0x00000285F37C3F20>, <snowplow_tracker.self_describing_json.SelfDescribingJson object at 0x00000285F1035820>]}
[0m23:25:36.943786 [debug] [MainThread]: Flushing usage events
[0m23:25:38.797037 [debug] [MainThread]: An error was encountered while trying to flush usage events
[0m21:05:47.223700 [debug] [MainThread]: Sending event: {'category': 'dbt', 'action': 'invocation', 'label': 'start', 'context': [<snowplow_tracker.self_describing_json.SelfDescribingJson object at 0x0000021264D33EF0>, <snowplow_tracker.self_describing_json.SelfDescribingJson object at 0x0000021264D31880>, <snowplow_tracker.self_describing_json.SelfDescribingJson object at 0x0000021264D30BF0>]}


============================== 21:05:47.223700 | 8a3d495e-ca4d-4913-ab8e-b4380f5542fb ==============================
[0m21:05:47.223700 [info ] [MainThread]: Running with dbt=1.11.3
[0m21:05:47.223700 [debug] [MainThread]: running dbt with arguments {'version_check': 'True', 'no_print': 'None', 'static_parser': 'True', 'warn_error_options': 'WarnErrorOptionsV2(error=[], warn=[], silence=[])', 'target_path': 'None', 'printer_width': '80', 'write_json': 'True', 'introspect': 'True', 'log_cache_events': 'False', 'empty': 'False', 'cache_selected_only': 'False', 'fail_fast': 'False', 'debug': 'False', 'log_format': 'default', 'profiles_dir': 'C:\\Users\\HP\\.dbt', 'send_anonymous_usage_stats': 'True', 'quiet': 'False', 'warn_error': 'None', 'partial_parse': 'True', 'use_colors': 'True', 'invocation_command': 'dbt compile', 'indirect_selection': 'eager', 'use_experimental_parser': 'False', 'log_path': 'logs'}
[0m21:05:47.223700 [error] [MainThread]: Encountered an error:
Runtime Error
  No dbt_project.yml found at expected path C:\Users\HP\vs_studio_projects\pharma_event_driven_data_architecture\dbt_project.yml
  Verify that each entry within packages.yml (and their transitive dependencies) contains a file named dbt_project.yml
  
[0m21:05:47.223700 [debug] [MainThread]: Command `dbt compile` failed at 21:05:47.223700 after 0.18 seconds
[0m21:05:47.223700 [debug] [MainThread]: Sending event: {'category': 'dbt', 'action': 'invocation', 'label': 'end', 'context': [<snowplow_tracker.self_describing_json.SelfDescribingJson object at 0x000002126517B3E0>, <snowplow_tracker.self_describing_json.SelfDescribingJson object at 0x000002126535CBF0>, <snowplow_tracker.self_describing_json.SelfDescribingJson object at 0x0000021265339550>]}
[0m21:05:47.223700 [debug] [MainThread]: Flushing usage events
[0m21:05:49.330622 [debug] [MainThread]: An error was encountered while trying to flush usage events
[0m21:44:33.569267 [debug] [MainThread]: Sending event: {'category': 'dbt', 'action': 'invocation', 'label': 'start', 'context': [<snowplow_tracker.self_describing_json.SelfDescribingJson object at 0x000002A2CC4D77A0>, <snowplow_tracker.self_describing_json.SelfDescribingJson object at 0x000002A2CC4D4440>, <snowplow_tracker.self_describing_json.SelfDescribingJson object at 0x000002A2CC230410>]}


============================== 21:44:33.569267 | 23c70f1e-0589-4f10-a5cc-8baaee9d435e ==============================
[0m21:44:33.569267 [info ] [MainThread]: Running with dbt=1.11.3
[0m21:44:33.569267 [debug] [MainThread]: running dbt with arguments {'version_check': 'True', 'no_print': 'None', 'static_parser': 'True', 'warn_error_options': 'WarnErrorOptionsV2(error=[], warn=[], silence=[])', 'target_path': 'None', 'printer_width': '80', 'write_json': 'True', 'empty': 'False', 'log_cache_events': 'False', 'introspect': 'True', 'cache_selected_only': 'False', 'fail_fast': 'False', 'debug': 'False', 'log_format': 'default', 'partial_parse': 'True', 'send_anonymous_usage_stats': 'True', 'quiet': 'False', 'warn_error': 'None', 'profiles_dir': 'C:\\Users\\HP\\.dbt', 'use_colors': 'True', 'invocation_command': 'dbt run', 'indirect_selection': 'eager', 'use_experimental_parser': 'False', 'log_path': 'logs'}
[0m21:44:33.569267 [error] [MainThread]: Encountered an error:
Runtime Error
  No dbt_project.yml found at expected path C:\Users\HP\vs_studio_projects\pharma_event_driven_data_architecture\dbt_project.yml
  Verify that each entry within packages.yml (and their transitive dependencies) contains a file named dbt_project.yml
  
[0m21:44:33.569267 [debug] [MainThread]: Command `dbt run` failed at 21:44:33.569267 after 0.16 seconds
[0m21:44:33.569267 [debug] [MainThread]: Sending event: {'category': 'dbt', 'action': 'invocation', 'label': 'end', 'context': [<snowplow_tracker.self_describing_json.SelfDescribingJson object at 0x000002A2CC7947D0>, <snowplow_tracker.self_describing_json.SelfDescribingJson object at 0x000002A2C91F85F0>, <snowplow_tracker.self_describing_json.SelfDescribingJson object at 0x000002A2CA203C20>]}
[0m21:44:33.569267 [debug] [MainThread]: Flushing usage events
[0m21:44:38.051951 [debug] [MainThread]: An error was encountered while trying to flush usage events
